#
# There is insufficient memory for the Java Runtime Environment to continue.
# Native memory allocation (mmap) failed to map 2097152 bytes. Error detail: G1 virtual space
# Possible reasons:
#   The system is out of physical RAM or swap space
#   This process is running with CompressedOops enabled, and the Java Heap may be blocking the growth of the native heap
# Possible solutions:
#   Reduce memory load on the system
#   Increase physical memory or swap space
#   Check if swap backing store is full
#   Decrease Java heap size (-Xmx/-Xms)
#   Decrease number of Java threads
#   Decrease Java thread stack sizes (-Xss)
#   Set larger code cache with -XX:ReservedCodeCacheSize=
#   JVM is running with Unscaled Compressed Oops mode in which the Java heap is
#     placed in the first 4GB address space. The Java Heap base address is the
#     maximum limit for the native heap growth. Please use -XX:HeapBaseMinAddress
#     to set the Java Heap base and to place the Java Heap above 4GB virtual address.
# This output file may be truncated or incomplete.
#
#  Out of Memory Error (os_windows.cpp:3618), pid=744, tid=8844
#
# JRE version:  (17.0.14+7) (build )
# Java VM: OpenJDK 64-Bit Server VM (17.0.14+7-LTS, mixed mode, sharing, tiered, compressed oops, compressed class ptrs, g1 gc, windows-amd64)
# No core dump will be written. Minidumps are not enabled by default on client versions of Windows
#

---------------  S U M M A R Y ------------

Command Line: -agentlib:jdwp=transport=dt_socket,address=127.0.0.1:63828,suspend=y,server=n -javaagent:C:\Users\Администратор\AppData\Local\JetBrains\IdeaIC2023.1\captureAgent\debugger-agent.jar -Dfile.encoding=UTF-8 Hello

Host: Intel(R) Core(TM) i5-3337U CPU @ 1.80GHz, 4 cores, 7G,  Windows 10 , 64 bit Build 19041 (10.0.19041.2788)
Time: Sun Mar  2 16:22:32 2025 RTZ 2 (s 10 , 64 bit Build 19041 (10.0.19041.2788) elapsed time: 0.055969 seconds (0d 0h 0m 0s)

---------------  T H R E A D  ---------------

Current thread (0x000001442674ae00):  JavaThread "Unknown thread" [_thread_in_vm, id=8844, stack(0x000000103d000000,0x000000103d100000)]

Stack: [0x000000103d000000,0x000000103d100000]
Native frames: (J=compiled Java code, j=interpreted, Vv=VM code, C=native code)
V  [jvm.dll+0x6857b9]
V  [jvm.dll+0x83d67a]
V  [jvm.dll+0x83f13e]
V  [jvm.dll+0x83f7a3]
V  [jvm.dll+0x24c15f]
V  [jvm.dll+0x6824d9]
V  [jvm.dll+0x676faa]
V  [jvm.dll+0x30c10b]
V  [jvm.dll+0x313606]
V  [jvm.dll+0x3641b8]
V  [jvm.dll+0x3643cf]
V  [jvm.dll+0x2e311c]
V  [jvm.dll+0x2e4074]
V  [jvm.dll+0x80ee6b]
V  [jvm.dll+0x371f01]
V  [jvm.dll+0x7ed755]
V  [jvm.dll+0x3f5c0f]
V  [jvm.dll+0x3f7781]
C  [jli.dll+0x534b]
C  [ucrtbase.dll+0x21bb2]
C  [KERNEL32.DLL+0x17604]
C  [ntdll.dll+0x526a1]


---------------  P R O C E S S  ---------------

Threads class SMR info:
_java_thread_list=0x00007ffabf83efd8, length=0, elements={
}

Java Threads: ( => current thread )

Other Threads:
  0x00000144267a4d40 GCTaskThread "GC Thread#0" [stack: 0x000000103d200000,0x000000103d300000] [id=13676]
  0x00000144267b5a50 ConcurrentGCThread "G1 Main Marker" [stack: 0x000000103d300000,0x000000103d400000] [id=9828]
  0x00000144267b6380 ConcurrentGCThread "G1 Conc#0" [stack: 0x000000103d400000,0x000000103d500000] [id=192]

[error occurred during error reporting (printing all threads), id 0xc0000005, EXCEPTION_ACCESS_VIOLATION (0xc0000005) at pc=0x00007ffabeff37f7]

VM state: not at safepoint (not fully initialized)

VM Mutex/Monitor currently owned by a thread:  ([mutex/lock_event])
[0x0000014426747380] Heap_lock - owner thread: 0x000001442674ae00

Heap address: 0x0000000081a00000, size: 2022 MB, Compressed Oops mode: 32-bit

CDS archive(s) mapped at: [0x0000000000000000-0x0000000000000000-0x0000000000000000), size 0, SharedBaseAddress: 0x0000000800000000, ArchiveRelocationMode: 1.
Narrow klass base: 0x0000000000000000, Narrow klass shift: 0, Narrow klass range: 0x0

GC Precious Log:
<Empty>

Heap:
 garbage-first heap   total 0K, used 0K [0x0000000081a00000, 0x0000000100000000)
  region size 1024K, 0 young (0K), 0 survivors (0K)

[error occurred during error reporting (printing heap information), id 0xc0000005, EXCEPTION_ACCESS_VIOLATION (0xc0000005) at pc=0x00007ffabf3de9a9]

GC Heap History (0 events):
No events

Dll operation events (2 events):
Event: 0.037 Loaded shared library C:\Program Files\Zulu\zulu-17\bin\java.dll
Event: 0.040 Loaded shared library C:\Program Files\Zulu\zulu-17\bin\zip.dll

Deoptimization events (0 events):
No events

Classes loaded (0 events):
No events

Classes unloaded (0 events):
No events

Classes redefined (0 events):
No events

Internal exceptions (0 events):
No events

VM Operations (0 events):
No events

Memory protections (0 events):
No events

Nmethod flushes (0 events):
No events

Events (0 events):
No events


Dynamic libraries:
0x00007ff6d3030000 - 0x00007ff6d303e000 	C:\Program Files\Zulu\zulu-17\bin\java.exe
0x00007ffb1e250000 - 0x00007ffb1e448000 	C:\Windows\SYSTEM32\ntdll.dll
0x00007ffb1ca50000 - 0x00007ffb1cb0f000 	C:\Windows\System32\KERNEL32.DLL
0x00007ffb1bf40000 - 0x00007ffb1c21a000 	C:\Windows\System32\KERNELBASE.dll
0x00007ffb1ba30000 - 0x00007ffb1bb30000 	C:\Windows\System32\ucrtbase.dll
0x00007ffb159f0000 - 0x00007ffb15a09000 	C:\Program Files\Zulu\zulu-17\bin\jli.dll
0x00007ffb1de50000 - 0x00007ffb1dfed000 	C:\Windows\System32\USER32.dll
0x00007ffb1be60000 - 0x00007ffb1be82000 	C:\Windows\System32\win32u.dll
0x00007ffb1cc40000 - 0x00007ffb1cc6b000 	C:\Windows\System32\GDI32.dll
0x00007ffb1bd50000 - 0x00007ffb1be60000 	C:\Windows\System32\gdi32full.dll
0x00007ffb1b960000 - 0x00007ffb1b9fd000 	C:\Windows\System32\msvcp_win.dll
0x00007ffb0b730000 - 0x00007ffb0b74b000 	C:\Program Files\Zulu\zulu-17\bin\VCRUNTIME140.dll
0x00007ffb01210000 - 0x00007ffb014aa000 	C:\Windows\WinSxS\amd64_microsoft.windows.common-controls_6595b64144ccf1df_6.0.19041.1110_none_60b5254171f9507e\COMCTL32.dll
0x00007ffb1e170000 - 0x00007ffb1e20e000 	C:\Windows\System32\msvcrt.dll
0x00007ffb1de20000 - 0x00007ffb1de50000 	C:\Windows\System32\IMM32.DLL
0x00007ffb06c50000 - 0x00007ffb06db2000 	C:\Program Files (x86)\Citrix\ICA Client\ctxapclient64.dll
0x00007ffb1ba00000 - 0x00007ffb1ba27000 	C:\Windows\System32\bcrypt.dll
0x00007ffb1c3d0000 - 0x00007ffb1c724000 	C:\Windows\System32\combase.dll
0x00007ffb1c920000 - 0x00007ffb1ca46000 	C:\Windows\System32\RPCRT4.dll
0x00007ffb10860000 - 0x00007ffb1086a000 	C:\Windows\SYSTEM32\VERSION.dll
0x00007ffb1d270000 - 0x00007ffb1d31e000 	C:\Windows\System32\ADVAPI32.dll
0x00007ffb1d170000 - 0x00007ffb1d20c000 	C:\Windows\System32\sechost.dll
0x00007ffb1aa80000 - 0x00007ffb1aab3000 	C:\Windows\SYSTEM32\ntmarta.dll
0x0000014425e50000 - 0x0000014425ed2000 	C:\Windows\System32\bcryptprimitives.dll
0x00007ffb16f50000 - 0x00007ffb16f5c000 	C:\Program Files\Zulu\zulu-17\bin\vcruntime140_1.dll
0x00007ffb048b0000 - 0x00007ffb0493d000 	C:\Program Files\Zulu\zulu-17\bin\msvcp140.dll
0x00007ffabed00000 - 0x00007ffabf974000 	C:\Program Files\Zulu\zulu-17\bin\server\jvm.dll
0x00007ffb1ddb0000 - 0x00007ffb1de1b000 	C:\Windows\System32\WS2_32.dll
0x00007ffb1b410000 - 0x00007ffb1b45b000 	C:\Windows\SYSTEM32\POWRPROF.dll
0x00007ffb08bf0000 - 0x00007ffb08c17000 	C:\Windows\SYSTEM32\WINMM.dll
0x00007ffb1b3c0000 - 0x00007ffb1b3d2000 	C:\Windows\SYSTEM32\UMPDC.dll
0x00007ffb1a1d0000 - 0x00007ffb1a1e2000 	C:\Windows\SYSTEM32\kernel.appcore.dll
0x00007ffb159e0000 - 0x00007ffb159ea000 	C:\Program Files\Zulu\zulu-17\bin\jimage.dll
0x00007ffb19e40000 - 0x00007ffb1a024000 	C:\Windows\SYSTEM32\DBGHELP.DLL
0x00007ffb07260000 - 0x00007ffb07294000 	C:\Windows\SYSTEM32\dbgcore.DLL
0x00007ffb055d0000 - 0x00007ffb0560b000 	C:\Program Files\Zulu\zulu-17\bin\jdwp.dll
0x00007ffb158d0000 - 0x00007ffb158de000 	C:\Program Files\Zulu\zulu-17\bin\instrument.dll
0x00007ffb0a320000 - 0x00007ffb0a345000 	C:\Program Files\Zulu\zulu-17\bin\java.dll
0x00007ffb06e70000 - 0x00007ffb06e88000 	C:\Program Files\Zulu\zulu-17\bin\zip.dll

dbghelp: loaded successfully - version: 4.0.5 - missing functions: none
symbol engine: initialized successfully - sym options: 0x614 - pdb path: .;C:\Program Files\Zulu\zulu-17\bin;C:\Windows\SYSTEM32;C:\Windows\WinSxS\amd64_microsoft.windows.common-controls_6595b64144ccf1df_6.0.19041.1110_none_60b5254171f9507e;C:\Program Files (x86)\Citrix\ICA Client;C:\Program Files\Zulu\zulu-17\bin\server

VM Arguments:
jvm_args: -agentlib:jdwp=transport=dt_socket,address=127.0.0.1:63828,suspend=y,server=n -javaagent:C:\Users\Администратор\AppData\Local\JetBrains\IdeaIC2023.1\captureAgent\debugger-agent.jar -Dfile.encoding=UTF-8 
java_command: Hello
java_class_path (initial): C:\devel\homework\java_for_testers\sandbox\out\production\classes;C:\Program Files\JetBrains\IntelliJ IDEA Community Edition 2023.1.7\lib\idea_rt.jar
Launcher Type: SUN_STANDARD

[Global flags]
     intx CICompilerCount                          = 3                                         {product} {ergonomic}
     uint ConcGCThreads                            = 1                                         {product} {ergonomic}
     uint G1ConcRefinementThreads                  = 4                                         {product} {ergonomic}
   size_t G1HeapRegionSize                         = 1048576                                   {product} {ergonomic}
    uintx GCDrainStackTargetSize                   = 64                                        {product} {ergonomic}
   size_t InitialHeapSize                          = 134217728                                 {product} {ergonomic}
   size_t MarkStackSize                            = 4194304                                   {product} {ergonomic}
   size_t MaxHeapSize                              = 2120220672                                {product} {ergonomic}
   size_t MinHeapDeltaBytes                        = 1048576                                   {product} {ergonomic}
   size_t MinHeapSize                              = 8388608                                   {product} {ergonomic}
    uintx NonNMethodCodeHeapSize                   = 5832780                                {pd product} {ergonomic}
    uintx NonProfiledCodeHeapSize                  = 122912730                              {pd product} {ergonomic}
    uintx ProfiledCodeHeapSize                     = 122912730                              {pd product} {ergonomic}
    uintx ReservedCodeCacheSize                    = 251658240                              {pd product} {ergonomic}
     bool SegmentedCodeCache                       = true                                      {product} {ergonomic}
   size_t SoftMaxHeapSize                          = 2120220672                             {manageable} {ergonomic}
     bool UseCompressedClassPointers               = true                           {product lp64_product} {ergonomic}
     bool UseCompressedOops                        = true                           {product lp64_product} {ergonomic}
     bool UseG1GC                                  = true                                      {product} {ergonomic}
     bool UseLargePagesIndividualAllocation        = false                                  {pd product} {ergonomic}

Logging:
Log output configuration:
 #0: stdout all=warning uptime,level,tags
 #1: stderr all=off uptime,level,tags

Environment Variables:
JAVA_HOME=C:\Program Files\Zulu\zulu-17\
PATH=C:\Program Files\Zulu\zulu-17\bin\;C:\Program Files (x86)\Common Files\Intel\Shared Libraries\redist\intel64_win\compiler;C:\Program Files\Common Files\Oracle\Java\javapath;C:\Program Files\Python37\Scripts\;C:\Program Files\Python37\;C:\Windows\system32;C:\Windows;C:\Windows\System32\Wbem;C:\Windows\System32\WindowsPowerShell\v1.0\;C:\Windows\System32\OpenSSH\;C:\Program Files\Common Files\Autodesk Shared\;C:\Program Files\dotnet\;C:\Program Files (x86)\Windows Kits\10\Windows Performance Toolkit\;C:\Users\Администратор\AppData\Local\Microsoft\WindowsApps;C:\Program Files\JetBrains\PyCharm Community Edition 2021.1.1\bin;C:\Users\Администратор\AppData\Local\gitkraken\bin;C:\Program Files\JetBrains\IntelliJ IDEA Community Edition 2023.1.7\bin;
USERNAME=Администратор
OS=Windows_NT
PROCESSOR_IDENTIFIER=Intel64 Family 6 Model 58 Stepping 9, GenuineIntel
TMP=C:\Users\836D~1\AppData\Local\Temp
TEMP=C:\Users\836D~1\AppData\Local\Temp



Periodic native trim disabled


---------------  S Y S T E M  ---------------

OS:
 Windows 10 , 64 bit Build 19041 (10.0.19041.2788)
OS uptime: 6 days 17:05 hours

CPU: total 4 (initial active 4) (2 cores per cpu, 2 threads per core) family 6 model 58 stepping 9 microcode 0x21, cx8, cmov, fxsr, ht, mmx, sse, sse2, sse3, ssse3, sse4.1, sse4.2, popcnt, tsc, tscinvbit, avx, aes, erms, clmul, vzeroupper, clflush
Processor Information for all 4 processors :
  Max Mhz: 1801, Current Mhz: 1801, Mhz Limit: 1801

Memory: 4k page, system-wide physical 8085M (1334M free)
TotalPageFile size 10133M (AvailPageFile size 34M)
current process WorkingSet (physical memory assigned to process): 12M, peak: 12M
current process commit charge ("private bytes"): 183M, peak: 185M

vm_info: OpenJDK 64-Bit Server VM (17.0.14+7-LTS) for windows-amd64 JRE (17.0.14+7-LTS) (Zulu17.56+15-CA), built on Jan  3 2025 18:40:15 by "zulu_re" with MS VC++ 16.10 / 16.11 (VS2019)

END.
